<?xml version="1.0" encoding="UTF-8"?>
<!-- Generated by org.testng.reporters.JUnitXMLReporter -->
<testsuite ignored="0" hostname="DESKTOP-UAD17JU" failures="0" tests="7" name="Surefire test" time="103.61" errors="0" timestamp="2024-08-31T14:48:53 IST">
  <testcase classname="NaptolTest.ConsumerElectronicsTest" name="navigationAndSearchingTest" time="8.074"/>
  <testcase classname="NaptolTest.ConsumerElectronicsTest" name="electronicsAndAccessoriesTest" time="15.858"/>
  <testcase classname="NaptolTest.ConsumerElectronicsTest" name="portableDevicesTest" time="15.465"/>
  <testcase classname="NaptolTest.ConsumerElectronicsTest" name="securityAndGadgetTest" time="16.928"/>
  <testcase classname="NaptolTest.ConsumerElectronicsTest" name="homeEntertainmentPageTest" time="20.732"/>
  <testcase classname="NaptolTest.ConsumerElectronicsTest" name="portableAudioPageTest" time="11.594"/>
  <testcase classname="NaptolTest.ConsumerElectronicsTest" name="printersPageTest" time="8.135"/>
</testsuite> <!-- Surefire test -->
