<?xml version="1.0" encoding="UTF-8"?>
<!-- Generated by org.testng.reporters.JUnitXMLReporter -->
<testsuite ignored="0" hostname="DESKTOP-UAD17JU" failures="0" tests="7" name="Default test" time="106.671" errors="0" timestamp="2024-08-31T14:46:31 IST">
  <testcase classname="NaptolTest.ConsumerElectronicsTest" name="navigationAndSearchingTest" time="7.88"/>
  <testcase classname="NaptolTest.ConsumerElectronicsTest" name="electronicsAndAccessoriesTest" time="15.997"/>
  <testcase classname="NaptolTest.ConsumerElectronicsTest" name="portableDevicesTest" time="15.337"/>
  <testcase classname="NaptolTest.ConsumerElectronicsTest" name="securityAndGadgetTest" time="16.893"/>
  <testcase classname="NaptolTest.ConsumerElectronicsTest" name="homeEntertainmentPageTest" time="20.49"/>
  <testcase classname="NaptolTest.ConsumerElectronicsTest" name="portableAudioPageTest" time="11.646"/>
  <testcase classname="NaptolTest.ConsumerElectronicsTest" name="printersPageTest" time="8.118"/>
</testsuite> <!-- Default test -->
