<?xml version="1.0" encoding="UTF-8"?>
<testsuite xmlns:xsi="http://www.w3.org/2001/XMLSchema-instance" xsi:noNamespaceSchemaLocation="https://maven.apache.org/surefire/maven-surefire-plugin/xsd/surefire-test-report-3.0.xsd" version="3.0" name="NaptolTest.ConsumerElectronicsTest" time="104.179" tests="7" errors="0" skipped="0" failures="0">
  <properties>
[...]
</properties>
  <testcase name="navigationAndSearchingTest" classname="NaptolTest.ConsumerElectronicsTest" time="8.076">
    <system-out><![CDATA[Successfully navigate to electronics page
Product is successfully added to the cart
]]></system-out>
    <system-err><![CDATA[SLF4J: Failed to load class "org.slf4j.impl.StaticLoggerBinder".
SLF4J: Defaulting to no-operation (NOP) logger implementation
SLF4J: See http://www.slf4j.org/codes.html#StaticLoggerBinder for further details.
Aug 31, 2024 2:47:11 PM org.openqa.selenium.devtools.CdpVersionFinder findNearestMatch
WARNING: Unable to find an exact match for CDP version 128, returning the closest version; found: 127; Please update to a Selenium version that supports CDP version 128
]]></system-err>
  </testcase>
  <testcase name="electronicsAndAccessoriesTest" classname="NaptolTest.ConsumerElectronicsTest" time="15.829">
    <system-out><![CDATA[All radio buttons are working
]]></system-out>
  </testcase>
  <testcase name="portableDevicesTest" classname="NaptolTest.ConsumerElectronicsTest" time="15.47">
    <system-out><![CDATA[Portable devices displayed correctly
]]></system-out>
  </testcase>
  <testcase name="securityAndGadgetTest" classname="NaptolTest.ConsumerElectronicsTest" time="16.929"/>
  <testcase name="homeEntertainmentPageTest" classname="NaptolTest.ConsumerElectronicsTest" time="20.735"/>
  <testcase name="portableAudioPageTest" classname="NaptolTest.ConsumerElectronicsTest" time="11.597"/>
  <testcase name="printersPageTest" classname="NaptolTest.ConsumerElectronicsTest" time="8.139"/>
</testsuite>